timestamp: 2023-05-27T11:24:18.395903
CREATE TABLE "py4web_session"(
    "id" INTEGER PRIMARY KEY AUTOINCREMENT,
    "rkey" CHAR(512),
    "rvalue" TEXT,
    "expiration" INTEGER,
    "created_on" TIMESTAMP,
    "expires_on" TIMESTAMP
);
success!
timestamp: 2023-05-27T11:24:18.408800
CREATE TABLE "auth_user"(
    "id" INTEGER PRIMARY KEY AUTOINCREMENT,
    "username" CHAR(512) UNIQUE,
    "email" CHAR(512) UNIQUE,
    "password" CHAR(512),
    "first_name" CHAR(512),
    "last_name" CHAR(512),
    "sso_id" CHAR(512),
    "action_token" CHAR(512),
    "last_password_change" TIMESTAMP,
    "past_passwords_hash" TEXT
);
success!
timestamp: 2023-05-27T11:24:18.416888
CREATE TABLE "auth_user_tag_groups"(
    "id" INTEGER PRIMARY KEY AUTOINCREMENT,
    "tagpath" CHAR(512),
    "record_id" INTEGER REFERENCES "auth_user" ("id") ON DELETE CASCADE ON UPDATE CASCADE  
);
success!
timestamp: 2023-05-27T11:24:18.424875
CREATE TABLE "restaurant"(
    "id" INTEGER PRIMARY KEY AUTOINCREMENT,
    "name" TEXT,
    "created_by" INTEGER REFERENCES "auth_user" ("id") ON DELETE CASCADE ON UPDATE CASCADE  
);
success!
timestamp: 2023-05-27T11:24:18.433464
CREATE TABLE "item"(
    "id" INTEGER PRIMARY KEY AUTOINCREMENT,
    "name" TEXT,
    "description" TEXT,
    "image" CHAR(512),
    "restaurant_id" INTEGER REFERENCES "restaurant" ("id") ON DELETE CASCADE ON UPDATE CASCADE  ,
    "likes" INTEGER,
    "dislikes" INTEGER
);
success!
timestamp: 2023-05-27T11:24:18.441345
CREATE TABLE "day_by_day"(
    "id" INTEGER PRIMARY KEY AUTOINCREMENT,
    "item_id" INTEGER REFERENCES "item" ("id") ON DELETE CASCADE ON UPDATE CASCADE  ,
    "restaurant_id" INTEGER REFERENCES "restaurant" ("id") ON DELETE CASCADE ON UPDATE CASCADE  
);
success!
timestamp: 2023-05-27T11:24:18.448903
CREATE TABLE "customization"(
    "id" INTEGER PRIMARY KEY AUTOINCREMENT,
    "background" CHAR(512),
    "logo" CHAR(512),
    "restaurant_id" INTEGER REFERENCES "restaurant" ("id") ON DELETE CASCADE ON UPDATE CASCADE  
);
success!
timestamp: 2023-05-27T11:24:18.456452
CREATE TABLE "preference"(
    "id" INTEGER PRIMARY KEY AUTOINCREMENT,
    "rating" CHAR(512),
    "item_id" INTEGER REFERENCES "item" ("id") ON DELETE CASCADE ON UPDATE CASCADE  ,
    "followed_by" INTEGER REFERENCES "auth_user" ("id") ON DELETE CASCADE ON UPDATE CASCADE  
);
success!
success!
success!
success!
success!
success!
timestamp: 2023-06-07T23:07:52.476358
ALTER TABLE "restaurant" ADD "description" TEXT;
timestamp: 2023-06-07T23:07:52.483398
ALTER TABLE "restaurant" ADD "password" CHAR(512);
success!
timestamp: 2023-06-08T21:46:04.513336
ALTER TABLE "restaurant" ADD "authorized_users" TEXT;
success!
